Info 2021-11-25 16:38:17: Experimentation service retrieved: [object Object]
Info 2021-11-25 16:38:17: ZMQ install verified.
Error 2021-11-25 16:38:18: Jupyter Extension (Error in Failed to update settings.json, method:fixSettingsFile): [EntryNotFound (FileSystemError): Unable to read file '/home/salazarylizanicole/.config/Code/User/settings.json' (Error: Unable to resolve nonexistent file '/home/salazarylizanicole/.config/Code/User/settings.json')
	at _handleError (/usr/share/code/resources/app/out/vs/workbench/services/extensions/node/extensionHostProcess.js:94:164282)
	at processTicksAndRejections (internal/process/task_queues.js:93:5)
	at async m.readFile (/home/salazarylizanicole/.vscode/extensions/ms-toolsai.jupyter-2021.10.1101450599/out/client/extension.js:102:789683)
	at async g.fixSettingsFile (/home/salazarylizanicole/.vscode/extensions/ms-toolsai.jupyter-2021.10.1101450599/out/client/extension.js:66:322174)
	at async Promise.all (index 0)
	at async g.updateSettings (/home/salazarylizanicole/.vscode/extensions/ms-toolsai.jupyter-2021.10.1101450599/out/client/extension.js:66:323924)] {
  code: 'FileNotFound'
}
Error 2021-11-25 16:38:18: Jupyter Extension (Error in Failed to update settings.json, method:fixSettingsFile): [EntryNotFound (FileSystemError): Unable to read file '/home/salazarylizanicole/assignment_6/assignment_6/.vscode/settings.json' (Error: Unable to resolve nonexistent file '/home/salazarylizanicole/assignment_6/assignment_6/.vscode/settings.json')
	at _handleError (/usr/share/code/resources/app/out/vs/workbench/services/extensions/node/extensionHostProcess.js:94:164282)
	at processTicksAndRejections (internal/process/task_queues.js:93:5)
	at async m.readFile (/home/salazarylizanicole/.vscode/extensions/ms-toolsai.jupyter-2021.10.1101450599/out/client/extension.js:102:789683)
	at async g.fixSettingsFile (/home/salazarylizanicole/.vscode/extensions/ms-toolsai.jupyter-2021.10.1101450599/out/client/extension.js:66:322174)
	at async Promise.all (index 1)
	at async g.updateSettings (/home/salazarylizanicole/.vscode/extensions/ms-toolsai.jupyter-2021.10.1101450599/out/client/extension.js:66:323924)] {
  code: 'FileNotFound'
}
Info 2021-11-25 16:38:19: Experiment status for python is {"enabled":true,"optInto":[],"optOutFrom":[]}
Info 2021-11-25 16:38:20: Process Execution: > /usr/bin/python3 -m pip list
> /usr/bin/python3 -m pip list
Info 2021-11-25 16:38:20: Process Execution: > /usr/bin/python3 -m pip list
> /usr/bin/python3 -m pip list
Info 2021-11-25 16:38:20: Process Execution: > /usr/bin/python3 -c "import jupyter"
> /usr/bin/python3 -c "import jupyter"
Info 2021-11-25 16:38:20: Process Execution: > /usr/bin/python3 -c "import jupyter"
> /usr/bin/python3 -c "import jupyter"
Info 2021-11-25 16:38:20: Process Execution: > /usr/bin/python3 -c "import notebook"
> /usr/bin/python3 -c "import notebook"
Info 2021-11-25 16:38:20: Process Execution: > /usr/bin/python3 -c "import notebook"
> /usr/bin/python3 -c "import notebook"
Info 2021-11-25 20:31:20: Shutting down notebooks for 39ac009f-44d5-4a15-9320-05f341c43d86
Info 2021-11-25 20:31:20: Disposing HostJupyterExecution ce9aa959-1131-4848-80a1-f31298211288
Info 2021-11-25 20:31:20: Disposing super HostJupyterExecution ce9aa959-1131-4848-80a1-f31298211288
Info 2021-11-25 20:31:20: Disposing HostJupyterExecution ce9aa959-1131-4848-80a1-f31298211288
Info 2021-11-25 20:31:20: Finished disposing HostJupyterExecution  ce9aa959-1131-4848-80a1-f31298211288
Info 2021-11-25 20:31:20: Cleaning up server cache ce9aa959-1131-4848-80a1-f31298211288
Info 2021-11-25 20:31:20: Finished disposing HostJupyterExecution  ce9aa959-1131-4848-80a1-f31298211288
