> conda info --json
> /usr/bin/python3 ~/.vscode/extensions/ms-python.python-2021.11.1422169775/pythonFiles/interpreterInfo.py
> /usr/include/python3.7 ~/.vscode/extensions/ms-python.python-2021.11.1422169775/pythonFiles/interpreterInfo.py
Python interpreter path: /usr/bin/python3
Starting Pylance language server.
> conda --version
> /usr/bin/python3 -m autopep8 --diff "~/assignment_6/assignment_6 /second.py.22df74557a67ea3d3813d9d0bd3862c3.tmp"
cwd: ~/assignment_6/assignment_6
> /usr/bin/python3 -c "import autopep8"
> /usr/bin/python3 -c "import autopep8"

Formatting with autopep8 failed.
You could either install the 'autopep8' formatter, turn it off or use another formatter.
Error: Module 'autopep8' not installed.
> /usr/bin/python3 -m autopep8 --diff "~/assignment_6/assignment_6 /second.py.22df74557a67ea3d3813d9d0bd3862c3.tmp"
cwd: ~/assignment_6/assignment_6
> /usr/bin/python3 -c "import autopep8"
> /usr/bin/python3 -c "import autopep8"

Formatting with autopep8 failed.
You could either install the 'autopep8' formatter, turn it off or use another formatter.
Error: Module 'autopep8' not installed.
> /usr/bin/python3 -m autopep8 --diff --line-range 33 42 "~/assignment_6/assignment_6 /second.py.22df74557a67ea3d3813d9d0bd3862c3.tmp"
cwd: ~/assignment_6/assignment_6
> /usr/bin/python3 -c "import autopep8"
> /usr/bin/python3 -c "import autopep8"

Formatting with autopep8 failed.
You could either install the 'autopep8' formatter, turn it off or use another formatter.
Error: Module 'autopep8' not installed.
Error 2021-11-25 20:31:20: Error while running worker[Worker 1]. undefined
Error 2021-11-25 20:31:20: Error while running worker[Worker 2]. undefined
