[Info  - 08:33:37.160] Reading sessions from keychain...
[Info  - 08:33:37.272] Getting sessions for all scopes...
[Error  - 08:33:37.291] Getting token failed: Error: The name org.freedesktop.secrets was not provided by any .service files
[Info  - 08:33:37.292] Got 0 sessions for all scopes...
[Info  - 08:33:37.301] Getting sessions for all scopes...
[Info  - 08:33:37.301] Got 0 sessions for all scopes...
[Info  - 08:33:44.671] Getting sessions for all scopes...
[Info  - 08:33:44.671] Got 0 sessions for all scopes...
[Info  - 08:33:49.892] Getting sessions for repo,workflow...
[Info  - 08:33:49.892] Got 0 sessions for repo,workflow...
[Info  - 08:33:58.647] Logging in for the following scopes: repo workflow
[Trace  - 08:34:28.840] Handling Uri...
[Info  - 08:34:28.841] Exchanging code for token...
[Info  - 08:34:30.322] Token exchange success!
[Info  - 08:34:30.328] Getting user info...
[Info  - 08:34:31.256] Got account info!
[Info  - 08:34:31.257] Storing 1 sessions...
[Error  - 08:34:31.948] Setting token failed: Error: The name org.freedesktop.secrets was not provided by any .service files
[Info  - 08:34:40.713] Stored 1 sessions!
[Info  - 08:34:40.714] Login success!
[Info  - 08:34:40.908] Getting sessions for all scopes...
[Info  - 08:34:40.908] Got 1 sessions for all scopes...
