[2021-11-25 22:25:46.635] [renderer1] [info] [LocalProcessExtensionHost]: IExtensionHostStarter.createExtensionHost() took 21 ms.
[2021-11-25 22:25:46.715] [renderer1] [info] Starting extension host with pid 1609.
[2021-11-25 22:25:46.719] [renderer1] [info] [LocalProcessExtensionHost]: IExtensionHostStarter.start() took 28 ms.
[2021-11-25 22:25:48.522] [renderer1] [error] [Extension Host] (node:1609) [DEP0005] DeprecationWarning: Buffer() is deprecated due to security and usability issues. Please use the Buffer.alloc(), Buffer.allocUnsafe(), or Buffer.from() methods instead.
(Use `code --trace-deprecation ...` to show where the warning was created)
[2021-11-25 22:40:27.152] [renderer1] [error] Cannot read property 'length' of undefined: TypeError: Cannot read property 'length' of undefined
	at /home/salazarylizanicole/.vscode/extensions/ms-python.python-2021.11.1422169775/out/client/extension.js:52:353150
	at h (/home/salazarylizanicole/.vscode/extensions/ms-python.python-2021.11.1422169775/out/client/extension.js:52:358146)
	at async x.provideCompletionItems (/usr/share/code/resources/app/out/vs/workbench/services/extensions/node/extensionHostProcess.js:94:181124)
[2021-11-25 22:48:57.464] [renderer1] [error] Cannot read property 'length' of undefined: TypeError: Cannot read property 'length' of undefined
	at /home/salazarylizanicole/.vscode/extensions/ms-python.python-2021.11.1422169775/out/client/extension.js:52:353150
	at h (/home/salazarylizanicole/.vscode/extensions/ms-python.python-2021.11.1422169775/out/client/extension.js:52:358146)
	at async x.provideCompletionItems (/usr/share/code/resources/app/out/vs/workbench/services/extensions/node/extensionHostProcess.js:94:181124)
[2021-11-25 22:54:56.884] [renderer1] [error] Cannot read property 'length' of undefined: TypeError: Cannot read property 'length' of undefined
	at /home/salazarylizanicole/.vscode/extensions/ms-python.python-2021.11.1422169775/out/client/extension.js:52:353150
	at h (/home/salazarylizanicole/.vscode/extensions/ms-python.python-2021.11.1422169775/out/client/extension.js:52:358146)
	at async x.provideCompletionItems (/usr/share/code/resources/app/out/vs/workbench/services/extensions/node/extensionHostProcess.js:94:181124)
[2021-11-25 23:00:32.424] [renderer1] [error] Cannot read property 'length' of undefined: TypeError: Cannot read property 'length' of undefined
	at /home/salazarylizanicole/.vscode/extensions/ms-python.python-2021.11.1422169775/out/client/extension.js:52:353150
	at h (/home/salazarylizanicole/.vscode/extensions/ms-python.python-2021.11.1422169775/out/client/extension.js:52:358146)
	at async x.provideCompletionItems (/usr/share/code/resources/app/out/vs/workbench/services/extensions/node/extensionHostProcess.js:94:181124)
[2021-11-25 23:20:57.459] [renderer1] [error] Cannot read property 'length' of undefined: TypeError: Cannot read property 'length' of undefined
	at /home/salazarylizanicole/.vscode/extensions/ms-python.python-2021.11.1422169775/out/client/extension.js:52:353150
	at h (/home/salazarylizanicole/.vscode/extensions/ms-python.python-2021.11.1422169775/out/client/extension.js:52:358146)
	at async x.provideCompletionItems (/usr/share/code/resources/app/out/vs/workbench/services/extensions/node/extensionHostProcess.js:94:181124)
