[2021-11-25 22:20:14.830] [exthost] [info] Extension host with pid 989 started
[2021-11-25 22:20:15.268] [exthost] [info] ExtensionService#_doActivateExtension vscode.microsoft-authentication, startup: false, activationEvent: 'onAuthenticationRequest:microsoft'
[2021-11-25 22:20:15.462] [exthost] [info] ExtensionService#_doActivateExtension vscode.debug-auto-launch, startup: true, activationEvent: '*'
[2021-11-25 22:20:15.495] [exthost] [info] ExtensionService#_doActivateExtension vscode.git, startup: true, activationEvent: '*', root cause: vscode.github
[2021-11-25 22:20:16.787] [exthost] [info] ExtensionService#_doActivateExtension vscode.github, startup: true, activationEvent: '*'
[2021-11-25 22:20:16.930] [exthost] [info] Eager extensions activated
[2021-11-25 22:20:16.941] [exthost] [info] ExtensionService#_doActivateExtension vscode.github-authentication, startup: false, activationEvent: 'onAuthenticationRequest:github'
[2021-11-25 22:20:17.024] [exthost] [info] ExtensionService#_doActivateExtension vscode.merge-conflict, startup: false, activationEvent: 'onStartupFinished'
[2021-11-25 22:21:09.716] [exthost] [info] extension host terminating: renderer closed the socket
[2021-11-25 22:21:10.726] [exthost] [info] Extension host with pid 989 exiting with code 0
[2021-11-25 22:21:14.784] [exthost] [info] Extension host with pid 1450 started
[2021-11-25 22:21:14.785] [exthost] [info] Skipping acquiring lock for /home/salazarylizanicole/.config/Code/User/workspaceStorage/9209b009f7edf43c824ebce1aa67e5ba.
[2021-11-25 22:21:15.100] [exthost] [info] ExtensionService#_doActivateExtension vscode.microsoft-authentication, startup: false, activationEvent: 'onAuthenticationRequest:microsoft'
[2021-11-25 22:21:15.136] [exthost] [info] ExtensionService#_doActivateExtension vscode.debug-auto-launch, startup: true, activationEvent: '*'
[2021-11-25 22:21:15.140] [exthost] [info] ExtensionService#_doActivateExtension vscode.git, startup: true, activationEvent: '*', root cause: vscode.github
[2021-11-25 22:21:15.924] [exthost] [info] ExtensionService#_doActivateExtension vscode.github, startup: true, activationEvent: '*'
[2021-11-25 22:21:16.056] [exthost] [info] Eager extensions activated
[2021-11-25 22:21:16.149] [exthost] [info] ExtensionService#_doActivateExtension vscode.merge-conflict, startup: false, activationEvent: 'onStartupFinished'
[2021-11-25 22:21:16.269] [exthost] [info] ExtensionService#_doActivateExtension vscode.github-authentication, startup: false, activationEvent: 'onAuthenticationRequest:github'
[2021-11-25 22:23:00.477] [exthost] [info] extension host terminating: renderer closed the socket
[2021-11-25 22:23:01.515] [exthost] [info] Extension host with pid 1450 exiting with code 0
