[2021-11-25 16:33:39.287] [sharedprocess] [warning] No ptyHost heartbeat after 6 seconds
[2021-11-25 16:37:03.841] [sharedprocess] [info] Installing extension: ms-python.python
[2021-11-25 16:37:07.511] [sharedprocess] [info] Installing extension: ms-toolsai.jupyter
[2021-11-25 16:37:07.514] [sharedprocess] [info] Installing extension: ms-toolsai.jupyter-keymap
[2021-11-25 16:37:07.530] [sharedprocess] [info] Installing extension: ms-toolsai.jupyter-renderers
[2021-11-25 16:37:07.543] [sharedprocess] [info] Installing extension: ms-python.vscode-pylance
[2021-11-25 16:37:10.413] [sharedprocess] [info] Downloaded extension: ms-toolsai.jupyter-keymap /home/salazarylizanicole/.config/Code/CachedExtensionVSIXs/ms-toolsai.jupyter-keymap-1.0.0
[2021-11-25 16:37:11.454] [sharedprocess] [info] Downloaded extension: ms-toolsai.jupyter-renderers /home/salazarylizanicole/.config/Code/CachedExtensionVSIXs/ms-toolsai.jupyter-renderers-1.0.3
[2021-11-25 16:37:11.534] [sharedprocess] [info] Extracted extension to /home/salazarylizanicole/.vscode/extensions/.7b26b43e-d722-427c-ae85-2b31557780d2: ms-toolsai.jupyter-keymap
[2021-11-25 16:37:11.670] [sharedprocess] [info] Renamed to /home/salazarylizanicole/.vscode/extensions/ms-toolsai.jupyter-keymap-1.0.0
[2021-11-25 16:37:11.694] [sharedprocess] [info] Extracting completed. ms-toolsai.jupyter-keymap
[2021-11-25 16:37:12.496] [sharedprocess] [info] Downloaded extension: ms-python.python /home/salazarylizanicole/.config/Code/CachedExtensionVSIXs/ms-python.python-2021.11.1422169775
[2021-11-25 16:37:12.668] [sharedprocess] [info] Downloaded extension: ms-toolsai.jupyter /home/salazarylizanicole/.config/Code/CachedExtensionVSIXs/ms-toolsai.jupyter-2021.10.1101450599
[2021-11-25 16:37:15.105] [sharedprocess] [info] Extracted extension to /home/salazarylizanicole/.vscode/extensions/.fdb12076-1e78-499d-95b0-45cc14b36dac: ms-toolsai.jupyter-renderers
[2021-11-25 16:37:15.151] [sharedprocess] [info] Renamed to /home/salazarylizanicole/.vscode/extensions/ms-toolsai.jupyter-renderers-1.0.3
[2021-11-25 16:37:15.187] [sharedprocess] [info] Extracting completed. ms-toolsai.jupyter-renderers
[2021-11-25 16:37:21.414] [sharedprocess] [info] Extracted extension to /home/salazarylizanicole/.vscode/extensions/.6fd9ac19-58ff-46c4-9272-428ab9980338: ms-toolsai.jupyter
[2021-11-25 16:37:21.480] [sharedprocess] [info] Renamed to /home/salazarylizanicole/.vscode/extensions/ms-toolsai.jupyter-2021.10.1101450599
[2021-11-25 16:37:21.496] [sharedprocess] [info] Extracting completed. ms-toolsai.jupyter
[2021-11-25 16:37:33.643] [sharedprocess] [info] Extracted extension to /home/salazarylizanicole/.vscode/extensions/.986de8a5-53c6-4f36-89fd-cfe74f59af5f: ms-python.python
[2021-11-25 16:37:33.689] [sharedprocess] [info] Renamed to /home/salazarylizanicole/.vscode/extensions/ms-python.python-2021.11.1422169775
[2021-11-25 16:37:33.710] [sharedprocess] [info] Extracting completed. ms-python.python
[2021-11-25 16:37:37.677] [sharedprocess] [info] Downloaded extension: ms-python.vscode-pylance /home/salazarylizanicole/.config/Code/CachedExtensionVSIXs/ms-python.vscode-pylance-2021.11.2
[2021-11-25 16:38:13.312] [sharedprocess] [info] Extracted extension to /home/salazarylizanicole/.vscode/extensions/.d54471a5-26f3-4dfb-b8dd-d830de076968: ms-python.vscode-pylance
[2021-11-25 16:38:13.364] [sharedprocess] [info] Renamed to /home/salazarylizanicole/.vscode/extensions/ms-python.vscode-pylance-2021.11.2
[2021-11-25 16:38:13.378] [sharedprocess] [info] Extracting completed. ms-python.vscode-pylance
[2021-11-25 16:38:13.419] [sharedprocess] [info] Extension installed successfully: ms-toolsai.jupyter-keymap
[2021-11-25 16:38:13.422] [sharedprocess] [info] Extension installed successfully: ms-toolsai.jupyter-renderers
[2021-11-25 16:38:13.423] [sharedprocess] [info] Extension installed successfully: ms-toolsai.jupyter
[2021-11-25 16:38:13.423] [sharedprocess] [info] Extension installed successfully: ms-python.python
[2021-11-25 16:38:13.424] [sharedprocess] [info] Extension installed successfully: ms-python.vscode-pylance
[2021-11-25 18:55:19.693] [sharedprocess] [warning] No ptyHost heartbeat after 6 seconds
[2021-11-25 20:16:17.862] [sharedprocess] [warning] No ptyHost heartbeat after 6 seconds
